<?xml version="1.0" encoding="UTF-8"?>
<!-- Generated by org.testng.reporters.JUnitXMLReporter -->
<testsuite ignored="7" hostname="EPINGUGW0218" failures="0" tests="12" name="CalculatorTests" time="0.089" errors="0" timestamp="2024-03-08T02:01:07 IST">
  <testcase classname="org.testng.hometasks.AdditionTests" name="addTest" time="0.002"/>
  <testcase classname="org.testng.hometasks.SubtractionTests" name="subtractTest" time="0.002"/>
  <testcase classname="org.testng.hometasks.AdditionTests" name="addTest" time="0.0"/>
  <testcase classname="org.testng.hometasks.SubtractionTests" name="subtractTest" time="0.0"/>
  <testcase classname="org.testng.hometasks.MultiplicationTests" name="multiplyTest" time="0.0"/>
  <testcase classname="org.testng.hometasks.DivisionTests" name="divideByZeroTest" time="0.0"/>
  <testcase classname="org.testng.hometasks.MultiplicationTests" name="multiplyTest" time="0.001"/>
  <testcase classname="org.testng.hometasks.DivisionTests" name="divisionTest" time="0.0"/>
  <testcase classname="org.testng.hometasks.DivisionTests" name="divisionTest" time="0.001"/>
  <testcase classname="org.testng.hometasks.AdvancedTests" name="cubeTest" time="0.001"/>
  <testcase classname="org.testng.hometasks.AdvancedTests" name="squareTest" time="0.0"/>
  <testcase classname="org.testng.hometasks.AdvancedTests" name="squareRootTest" time="0.0"/>
  <testcase classname="org.testng.hometasks.AdditionTests" name="paramAddTest" time="0.0">
    <ignored/>
  </testcase> <!-- paramAddTest -->
  <testcase classname="org.testng.hometasks.MultiplicationTests" name="paramMulitplyTest" time="0.0">
    <ignored/>
  </testcase> <!-- paramMulitplyTest -->
  <testcase classname="org.testng.hometasks.SubtractionTests" name="paramSubtractTest" time="0.0">
    <ignored/>
  </testcase> <!-- paramSubtractTest -->
  <testcase classname="org.testng.hometasks.DivisionTests" name="paramDivisionTest" time="0.0">
    <ignored/>
  </testcase> <!-- paramDivisionTest -->
  <testcase classname="org.testng.hometasks.AdvancedTests" name="paramSquareTest" time="0.0">
    <ignored/>
  </testcase> <!-- paramSquareTest -->
  <testcase classname="org.testng.hometasks.AdvancedTests" name="paramCubeTest" time="0.0">
    <ignored/>
  </testcase> <!-- paramCubeTest -->
  <testcase classname="org.testng.hometasks.AdvancedTests" name="paramSquareRootTest" time="0.0">
    <ignored/>
  </testcase> <!-- paramSquareRootTest -->
</testsuite> <!-- CalculatorTests -->
