<?xml version="1.0" encoding="UTF-8"?>
<testsuite xmlns:xsi="http://www.w3.org/2001/XMLSchema-instance" xsi:noNamespaceSchemaLocation="https://maven.apache.org/surefire/maven-surefire-plugin/xsd/surefire-test-report.xsd" name="TestSuite" time="0.878" tests="19" errors="0" skipped="0" failures="7">
  <properties>
[...]
</properties>
  <testcase name="addTest" classname="org.testng.hometasks.AdditionTests" time="0"/>
  <testcase name="addTest" classname="org.testng.hometasks.AdditionTests" time="0"/>
  <testcase name="paramAddTest" classname="org.testng.hometasks.AdditionTests" time="0.018">
    <failure message="&#10;Parameter &apos;numbers&apos; is required by @Test on method paramAddTest but has not been marked @Optional or defined&#10;" type="org.testng.TestNGException">org.testng.TestNGException: 

Parameter 'numbers' is required by @Test on method paramAddTest but has not been marked @Optional or defined

</failure>
    <system-out><![CDATA[Executed test addTest==>> Thread : main
]]></system-out>
  </testcase>
  <testcase name="cubeTest" classname="org.testng.hometasks.AdvancedTests" time="0"/>
  <testcase name="paramCubeTest" classname="org.testng.hometasks.AdvancedTests" time="0">
    <failure message="&#10;Parameter &apos;singleNumber&apos; is required by @Test on method paramCubeTest but has not been marked @Optional or defined&#10;" type="org.testng.TestNGException">org.testng.TestNGException: 

Parameter 'singleNumber' is required by @Test on method paramCubeTest but has not been marked @Optional or defined

</failure>
    <system-out><![CDATA[Executed test cubeTest==>> Thread : main
]]></system-out>
  </testcase>
  <testcase name="paramSquareRootTest" classname="org.testng.hometasks.AdvancedTests" time="0">
    <failure message="&#10;Parameter &apos;singleNumber&apos; is required by @Test on method paramSquareRootTest but has not been marked @Optional or defined&#10;" type="org.testng.TestNGException">org.testng.TestNGException: 

Parameter 'singleNumber' is required by @Test on method paramSquareRootTest but has not been marked @Optional or defined

</failure>
  </testcase>
  <testcase name="paramSquareTest" classname="org.testng.hometasks.AdvancedTests" time="0">
    <failure message="&#10;Parameter &apos;singleNumber&apos; is required by @Test on method paramSquareTest but has not been marked @Optional or defined&#10;" type="org.testng.TestNGException">org.testng.TestNGException: 

Parameter 'singleNumber' is required by @Test on method paramSquareTest but has not been marked @Optional or defined

</failure>
  </testcase>
  <testcase name="squareRootTest" classname="org.testng.hometasks.AdvancedTests" time="0"/>
  <testcase name="squareTest" classname="org.testng.hometasks.AdvancedTests" time="0"/>
  <testcase name="divideByZeroTest" classname="org.testng.hometasks.DivisionTests" time="0.001"/>
  <testcase name="divisionTest" classname="org.testng.hometasks.DivisionTests" time="0"/>
  <testcase name="divisionTest" classname="org.testng.hometasks.DivisionTests" time="0"/>
  <testcase name="paramDivisionTest" classname="org.testng.hometasks.DivisionTests" time="0">
    <failure message="&#10;Parameter &apos;numbers&apos; is required by @Test on method paramDivisionTest but has not been marked @Optional or defined&#10;" type="org.testng.TestNGException">org.testng.TestNGException: 

Parameter 'numbers' is required by @Test on method paramDivisionTest but has not been marked @Optional or defined

</failure>
    <system-out><![CDATA[Executed test divisionTest==>> Thread : main
]]></system-out>
  </testcase>
  <testcase name="multiplyTest" classname="org.testng.hometasks.MultiplicationTests" time="0"/>
  <testcase name="multiplyTest" classname="org.testng.hometasks.MultiplicationTests" time="0"/>
  <testcase name="paramMulitplyTest" classname="org.testng.hometasks.MultiplicationTests" time="0">
    <failure message="&#10;Parameter &apos;numbers&apos; is required by @Test on method paramMulitplyTest but has not been marked @Optional or defined&#10;" type="org.testng.TestNGException">org.testng.TestNGException: 

Parameter 'numbers' is required by @Test on method paramMulitplyTest but has not been marked @Optional or defined

</failure>
    <system-out><![CDATA[Executed test multiplyTest==>> Thread : main
]]></system-out>
  </testcase>
  <testcase name="paramSubtractTest" classname="org.testng.hometasks.SubtractionTests" time="0.002">
    <failure message="&#10;Parameter &apos;numbers&apos; is required by @Test on method paramSubtractTest but has not been marked @Optional or defined&#10;" type="org.testng.TestNGException">org.testng.TestNGException: 

Parameter 'numbers' is required by @Test on method paramSubtractTest but has not been marked @Optional or defined

</failure>
    <system-out><![CDATA[::::::Executed all tests in Class MultiplicationTests
::::::Starting tests in Class SubtractionTests
]]></system-out>
  </testcase>
  <testcase name="subtractTest" classname="org.testng.hometasks.SubtractionTests" time="0"/>
  <testcase name="subtractTest" classname="org.testng.hometasks.SubtractionTests" time="0"/>
</testsuite>